benchmark/build/intermediates/manifest_merge_blame_file/debug/processDebugManifest/manifest-merger-blame-debug-report.txt
1<?xml version="1.0" encoding="utf-8"?>
2<manifest xmlns:android="http://schemas.android.com/apk/res/android"
3    package="com.example.tugis3.benchmark" >
4
5    <uses-sdk
5-->manifest\debug\tempFile2ProcessTestManifest9264648684132651469.xml:5:5-7:41
6        android:minSdkVersion="23"
6-->manifest\debug\tempFile2ProcessTestManifest9264648684132651469.xml:6:9-35
7        android:targetSdkVersion="36" />
7-->manifest\debug\tempFile2ProcessTestManifest9264648684132651469.xml:7:9-38
8
9    <instrumentation
9-->manifest\debug\tempFile2ProcessTestManifest9264648684132651469.xml:9:5-14:64
10        android:name="androidx.test.runner.AndroidJUnitRunner"
10-->manifest\debug\tempFile2ProcessTestManifest9264648684132651469.xml:10:9-63
11        android:functionalTest="false"
11-->manifest\debug\tempFile2ProcessTestManifest9264648684132651469.xml:11:9-39
12        android:handleProfiling="false"
12-->manifest\debug\tempFile2ProcessTestManifest9264648684132651469.xml:12:9-40
13        android:label="Tests for com.example.tugis3.benchmark"
13-->manifest\debug\tempFile2ProcessTestManifest9264648684132651469.xml:13:9-63
14        android:targetPackage="com.example.tugis3.benchmark" />
14-->manifest\debug\tempFile2ProcessTestManifest9264648684132651469.xml:14:9-61
15
16    <uses-permission android:name="android.permission.QUERY_ALL_PACKAGES" />
16-->[androidx.benchmark:benchmark-macro:1.2.4] AndroidManifest.xml:23:5-25:53
16-->[androidx.benchmark:benchmark-macro:1.2.4] AndroidManifest.xml:24:9-61
17    <!--
18         Internet permission is required for perfetto trace shell processor http server but
19        it's used to reach localhost only
20    -->
21    <uses-permission android:name="android.permission.INTERNET" />
21-->[androidx.benchmark:benchmark-macro:1.2.4] AndroidManifest.xml:31:5-67
21-->[androidx.benchmark:benchmark-macro:1.2.4] AndroidManifest.xml:31:22-64
22    <!--
23    This is needed to write benchmark report data to an external directory during instrumented
24    tests to allow the accompanying androidx.benchmark gradle plugin to pull the reports onto host
25     machine after the tests are done running.
26    -->
27    <uses-permission android:name="android.permission.WRITE_EXTERNAL_STORAGE" />
27-->[androidx.benchmark:benchmark-common:1.2.4] AndroidManifest.xml:27:5-81
27-->[androidx.benchmark:benchmark-common:1.2.4] AndroidManifest.xml:27:22-78
28    <uses-permission android:name="android.permission.READ_EXTERNAL_STORAGE" />
29    <uses-permission android:name="android.permission.REORDER_TASKS" />
29-->[androidx.test:core:1.6.1] AndroidManifest.xml:24:5-72
29-->[androidx.test:core:1.6.1] AndroidManifest.xml:24:22-69
30
31    <queries>
31-->[androidx.test:runner:1.6.1] AndroidManifest.xml:24:5-28:15
32        <package android:name="androidx.test.orchestrator" />
32-->[androidx.test:runner:1.6.1] AndroidManifest.xml:25:9-62
32-->[androidx.test:runner:1.6.1] AndroidManifest.xml:25:18-59
33        <package android:name="androidx.test.services" />
33-->[androidx.test:runner:1.6.1] AndroidManifest.xml:26:9-58
33-->[androidx.test:runner:1.6.1] AndroidManifest.xml:26:18-55
34        <package android:name="com.google.android.apps.common.testing.services" />
34-->[androidx.test:runner:1.6.1] AndroidManifest.xml:27:9-83
34-->[androidx.test:runner:1.6.1] AndroidManifest.xml:27:18-80
35    </queries>
36
37    <permission
37-->[androidx.core:core:1.9.0] AndroidManifest.xml:22:5-24:47
38        android:name="com.example.tugis3.benchmark.DYNAMIC_RECEIVER_NOT_EXPORTED_PERMISSION"
38-->[androidx.core:core:1.9.0] AndroidManifest.xml:23:9-81
39        android:protectionLevel="signature" />
39-->[androidx.core:core:1.9.0] AndroidManifest.xml:24:9-44
40
41    <uses-permission android:name="com.example.tugis3.benchmark.DYNAMIC_RECEIVER_NOT_EXPORTED_PERMISSION" />
41-->[androidx.core:core:1.9.0] AndroidManifest.xml:26:5-97
41-->[androidx.core:core:1.9.0] AndroidManifest.xml:26:22-94
42
43    <application
43-->manifest\debug\tempFile2ProcessTestManifest9264648684132651469.xml:16:5-20:19
44        android:allowBackup="false"
44-->manifest\debug\tempFile2ProcessTestManifest9264648684132651469.xml:17:9-36
45        android:appComponentFactory="androidx.core.app.CoreComponentFactory"
45-->[androidx.core:core:1.9.0] AndroidManifest.xml:28:18-86
46        android:debuggable="true"
47        android:extractNativeLibs="false"
48        android:label="benchmark"
48-->manifest\debug\tempFile2ProcessTestManifest9264648684132651469.xml:18:9-34
49        android:networkSecurityConfig="@xml/network_security_config" >
49-->[androidx.benchmark:benchmark-macro:1.2.4] AndroidManifest.xml:42:18-78
50        <uses-library android:name="android.test.runner" />
50-->manifest\debug\tempFile2ProcessTestManifest9264648684132651469.xml:19:9-60
50-->manifest\debug\tempFile2ProcessTestManifest9264648684132651469.xml:19:23-57
51        <!-- Activity used to block background content while benchmarks are running -->
52        <activity
52-->[androidx.benchmark:benchmark-common:1.2.4] AndroidManifest.xml:32:9-36:20
53            android:name="androidx.benchmark.IsolationActivity"
53-->[androidx.benchmark:benchmark-common:1.2.4] AndroidManifest.xml:33:13-64
54            android:exported="true"
54-->[androidx.benchmark:benchmark-common:1.2.4] AndroidManifest.xml:34:13-36
55            android:theme="@android:style/Theme.Light.NoTitleBar.Fullscreen" >
55-->[androidx.benchmark:benchmark-common:1.2.4] AndroidManifest.xml:35:13-77
56        </activity>
57        <activity
57-->[androidx.test:core:1.6.1] AndroidManifest.xml:27:9-34:20
58            android:name="androidx.test.core.app.InstrumentationActivityInvoker$BootstrapActivity"
58-->[androidx.test:core:1.6.1] AndroidManifest.xml:28:13-99
59            android:exported="true"
59-->[androidx.test:core:1.6.1] AndroidManifest.xml:29:13-36
60            android:theme="@style/WhiteBackgroundTheme" >
60-->[androidx.test:core:1.6.1] AndroidManifest.xml:30:13-56
61            <intent-filter android:priority="-100" >
61-->[androidx.test:core:1.6.1] AndroidManifest.xml:31:13-33:29
61-->[androidx.test:core:1.6.1] AndroidManifest.xml:31:28-51
62                <category android:name="android.intent.category.LAUNCHER" />
62-->[androidx.test:core:1.6.1] AndroidManifest.xml:32:17-77
62-->[androidx.test:core:1.6.1] AndroidManifest.xml:32:27-74
63            </intent-filter>
64        </activity>
65        <activity
65-->[androidx.test:core:1.6.1] AndroidManifest.xml:35:9-42:20
66            android:name="androidx.test.core.app.InstrumentationActivityInvoker$EmptyActivity"
66-->[androidx.test:core:1.6.1] AndroidManifest.xml:36:13-95
67            android:exported="true"
67-->[androidx.test:core:1.6.1] AndroidManifest.xml:37:13-36
68            android:theme="@style/WhiteBackgroundTheme" >
68-->[androidx.test:core:1.6.1] AndroidManifest.xml:38:13-56
69            <intent-filter android:priority="-100" >
69-->[androidx.test:core:1.6.1] AndroidManifest.xml:31:13-33:29
69-->[androidx.test:core:1.6.1] AndroidManifest.xml:31:28-51
70                <category android:name="android.intent.category.LAUNCHER" />
70-->[androidx.test:core:1.6.1] AndroidManifest.xml:32:17-77
70-->[androidx.test:core:1.6.1] AndroidManifest.xml:32:27-74
71            </intent-filter>
72        </activity>
73        <activity
73-->[androidx.test:core:1.6.1] AndroidManifest.xml:43:9-50:20
74            android:name="androidx.test.core.app.InstrumentationActivityInvoker$EmptyFloatingActivity"
74-->[androidx.test:core:1.6.1] AndroidManifest.xml:44:13-103
75            android:exported="true"
75-->[androidx.test:core:1.6.1] AndroidManifest.xml:45:13-36
76            android:theme="@style/WhiteBackgroundDialogTheme" >
76-->[androidx.test:core:1.6.1] AndroidManifest.xml:46:13-62
77            <intent-filter android:priority="-100" >
77-->[androidx.test:core:1.6.1] AndroidManifest.xml:31:13-33:29
77-->[androidx.test:core:1.6.1] AndroidManifest.xml:31:28-51
78                <category android:name="android.intent.category.LAUNCHER" />
78-->[androidx.test:core:1.6.1] AndroidManifest.xml:32:17-77
78-->[androidx.test:core:1.6.1] AndroidManifest.xml:32:27-74
79            </intent-filter>
80        </activity>
81
82        <receiver
82-->[androidx.tracing:tracing-perfetto:1.0.0] AndroidManifest.xml:24:9-37:20
83            android:name="androidx.tracing.perfetto.TracingReceiver"
83-->[androidx.tracing:tracing-perfetto:1.0.0] AndroidManifest.xml:25:13-69
84            android:directBootAware="false"
84-->[androidx.tracing:tracing-perfetto:1.0.0] AndroidManifest.xml:26:13-44
85            android:enabled="true"
85-->[androidx.tracing:tracing-perfetto:1.0.0] AndroidManifest.xml:27:13-35
86            android:exported="true"
86-->[androidx.tracing:tracing-perfetto:1.0.0] AndroidManifest.xml:28:13-36
87            android:permission="android.permission.DUMP" >
87-->[androidx.tracing:tracing-perfetto:1.0.0] AndroidManifest.xml:29:13-57
88
89            <!-- Note: DUMP above highly limits who can call the receiver; Shell has DUMP perm. -->
90            <intent-filter>
90-->[androidx.tracing:tracing-perfetto:1.0.0] AndroidManifest.xml:32:13-36:29
91                <action android:name="androidx.tracing.perfetto.action.ENABLE_TRACING" />
91-->[androidx.tracing:tracing-perfetto:1.0.0] AndroidManifest.xml:33:17-90
91-->[androidx.tracing:tracing-perfetto:1.0.0] AndroidManifest.xml:33:25-87
92                <action android:name="androidx.tracing.perfetto.action.ENABLE_TRACING_COLD_START" />
92-->[androidx.tracing:tracing-perfetto:1.0.0] AndroidManifest.xml:34:17-101
92-->[androidx.tracing:tracing-perfetto:1.0.0] AndroidManifest.xml:34:25-98
93                <action android:name="androidx.tracing.perfetto.action.DISABLE_TRACING_COLD_START" />
93-->[androidx.tracing:tracing-perfetto:1.0.0] AndroidManifest.xml:35:17-102
93-->[androidx.tracing:tracing-perfetto:1.0.0] AndroidManifest.xml:35:25-99
94            </intent-filter>
95        </receiver>
96
97        <provider
97-->[androidx.tracing:tracing-perfetto:1.0.0] AndroidManifest.xml:39:9-47:20
98            android:name="androidx.startup.InitializationProvider"
98-->[androidx.tracing:tracing-perfetto:1.0.0] AndroidManifest.xml:40:13-67
99            android:authorities="com.example.tugis3.benchmark.androidx-startup"
99-->[androidx.tracing:tracing-perfetto:1.0.0] AndroidManifest.xml:41:13-68
100            android:exported="false" >
100-->[androidx.tracing:tracing-perfetto:1.0.0] AndroidManifest.xml:42:13-37
101            <meta-data
101-->[androidx.tracing:tracing-perfetto:1.0.0] AndroidManifest.xml:44:13-46:52
102                android:name="androidx.tracing.perfetto.StartupTracingInitializer"
102-->[androidx.tracing:tracing-perfetto:1.0.0] AndroidManifest.xml:45:17-83
103                android:value="androidx.startup" />
103-->[androidx.tracing:tracing-perfetto:1.0.0] AndroidManifest.xml:46:17-49
104            <meta-data
104-->[androidx.profileinstaller:profileinstaller:1.3.1] AndroidManifest.xml:29:13-31:52
105                android:name="androidx.profileinstaller.ProfileInstallerInitializer"
105-->[androidx.profileinstaller:profileinstaller:1.3.1] AndroidManifest.xml:30:17-85
106                android:value="androidx.startup" />
106-->[androidx.profileinstaller:profileinstaller:1.3.1] AndroidManifest.xml:31:17-49
107        </provider>
108
109        <receiver
109-->[androidx.tracing:tracing-perfetto:1.0.0] AndroidManifest.xml:49:9-55:20
110            android:name="androidx.tracing.perfetto.StartupTracingConfigStoreIsEnabledGate"
110-->[androidx.tracing:tracing-perfetto:1.0.0] AndroidManifest.xml:50:13-92
111            android:directBootAware="false"
111-->[androidx.tracing:tracing-perfetto:1.0.0] AndroidManifest.xml:51:13-44
112            android:enabled="false"
112-->[androidx.tracing:tracing-perfetto:1.0.0] AndroidManifest.xml:52:13-36
113            android:exported="false" >
113-->[androidx.tracing:tracing-perfetto:1.0.0] AndroidManifest.xml:53:13-37
114        </receiver>
115        <receiver
115-->[androidx.profileinstaller:profileinstaller:1.3.1] AndroidManifest.xml:34:9-52:20
116            android:name="androidx.profileinstaller.ProfileInstallReceiver"
116-->[androidx.profileinstaller:profileinstaller:1.3.1] AndroidManifest.xml:35:13-76
117            android:directBootAware="false"
117-->[androidx.profileinstaller:profileinstaller:1.3.1] AndroidManifest.xml:36:13-44
118            android:enabled="true"
118-->[androidx.profileinstaller:profileinstaller:1.3.1] AndroidManifest.xml:37:13-35
119            android:exported="true"
119-->[androidx.profileinstaller:profileinstaller:1.3.1] AndroidManifest.xml:38:13-36
120            android:permission="android.permission.DUMP" >
120-->[androidx.profileinstaller:profileinstaller:1.3.1] AndroidManifest.xml:39:13-57
121            <intent-filter>
121-->[androidx.profileinstaller:profileinstaller:1.3.1] AndroidManifest.xml:40:13-42:29
122                <action android:name="androidx.profileinstaller.action.INSTALL_PROFILE" />
122-->[androidx.profileinstaller:profileinstaller:1.3.1] AndroidManifest.xml:41:17-91
122-->[androidx.profileinstaller:profileinstaller:1.3.1] AndroidManifest.xml:41:25-88
123            </intent-filter>
124            <intent-filter>
124-->[androidx.profileinstaller:profileinstaller:1.3.1] AndroidManifest.xml:43:13-45:29
125                <action android:name="androidx.profileinstaller.action.SKIP_FILE" />
125-->[androidx.profileinstaller:profileinstaller:1.3.1] AndroidManifest.xml:44:17-85
125-->[androidx.profileinstaller:profileinstaller:1.3.1] AndroidManifest.xml:44:25-82
126            </intent-filter>
127            <intent-filter>
127-->[androidx.profileinstaller:profileinstaller:1.3.1] AndroidManifest.xml:46:13-48:29
128                <action android:name="androidx.profileinstaller.action.SAVE_PROFILE" />
128-->[androidx.profileinstaller:profileinstaller:1.3.1] AndroidManifest.xml:47:17-88
128-->[androidx.profileinstaller:profileinstaller:1.3.1] AndroidManifest.xml:47:25-85
129            </intent-filter>
130            <intent-filter>
130-->[androidx.profileinstaller:profileinstaller:1.3.1] AndroidManifest.xml:49:13-51:29
131                <action android:name="androidx.profileinstaller.action.BENCHMARK_OPERATION" />
131-->[androidx.profileinstaller:profileinstaller:1.3.1] AndroidManifest.xml:50:17-95
131-->[androidx.profileinstaller:profileinstaller:1.3.1] AndroidManifest.xml:50:25-92
132            </intent-filter>
133        </receiver>
134    </application>
135
136</manifest>